
Server is now accepting a new connection...

Parameters: 
model: 		test.maude
model arguments: 	
formula: 	ryw.quatex
alpha: 		0.05
beta: 		0.0
seed: 	1474241915
sims: 		60
Params: 		0.05 0.01 0.01 10000000 0.0 0 
Server: Running the simulation batches on demand... Please wait.
Server performed 1 batch(es) of 60 simulation(s) each.

Server is now accepting a new connection...

Parameters: 
model: 		test.maude
model arguments: 	
formula: 	ryw.quatex
alpha: 		0.05
beta: 		0.0
seed: 	829904604
sims: 		60
Params: 		0.05 0.01 0.01 10000000 0.0 0 
Server: Running the simulation batches on demand... Please wait.
Server performed 10 batch(es) of 60 simulation(s) each.

Server is now accepting a new connection...
